<?xml version="1.0" encoding="UTF-8"?>
<!-- Generated by org.testng.reporters.JUnitXMLReporter -->
<testsuite ignored="2" hostname="DESKTOP-BMSSKMH" failures="2" tests="6" name="Test" time="15.935" errors="0" timestamp="2025-04-15T09:11:22 IST">
  <testcase classname="InventoryTests.AddProductToCartTest" name="tc_001_AddProductToCartTest" time="1.221">
    <failure type="java.lang.AssertionError" message="null">
      <![CDATA[java.lang.AssertionError: null
at InventoryTests.AddProductToCartTest.tc_001_AddProductToCartTest(AddProductToCartTest.java:34)
at java.base/java.util.ArrayList.forEach(ArrayList.java:1511)
... Removed 29 stack frames]]>
    </failure>
  </testcase> <!-- tc_001_AddProductToCartTest -->
  <testcase classname="InventoryTests.AddLowestProductToCart" name="AddProductToCartTest" time="0.714"/>
  <testcase classname="InventoryTests.AddLowestProductToCart" name="sample" time="0.006">
    <skipped/>
  </testcase> <!-- sample -->
  <testcase classname="InventoryTests.AddLowestProductToCart" name="sample" time="0.006">
    <skipped/>
  </testcase> <!-- sample -->
  <testcase classname="InventoryTests.AddLowestProductToCart" name="sample" time="0.006">
    <skipped/>
  </testcase> <!-- sample -->
  <testcase classname="InventoryTests.AddLowestProductToCart" name="sample" time="0.006">
    <failure type="java.lang.AssertionError" message="null">
      <![CDATA[java.lang.AssertionError: null
at InventoryTests.AddLowestProductToCart.sample(AddLowestProductToCart.java:43)
at java.base/java.util.ArrayList.forEach(ArrayList.java:1511)
... Removed 29 stack frames]]>
    </failure>
  </testcase> <!-- sample -->
  <testcase classname="GenericUtilities.BaseClass" name="@BeforeSuite bsconfig" time="0.0">
    <ignored/>
  </testcase> <!-- @BeforeSuite bsconfig -->
  <testcase classname="GenericUtilities.BaseClass" name="@AfterSuite asConfig" time="0.0">
    <ignored/>
  </testcase> <!-- @AfterSuite asConfig -->
</testsuite> <!-- Test -->
