<?xml version="1.0" encoding="UTF-8"?>
<testng-results ignored="0" total="1" passed="1" failed="0" skipped="0">
  <reporter-output>
  </reporter-output>
  <suite started-at="2025-04-18T08:25:05 IST" name="Default suite" finished-at="2025-04-18T08:25:14 IST" duration-ms="9150">
    <groups>
      <group name="SmokeSuite">
        <method signature="AddProductToCartTest.tc_001_AddProductToCartTest()[pri:0, instance:InventoryTests.AddProductToCartTest@7ae0a9ec]" name="tc_001_AddProductToCartTest" class="InventoryTests.AddProductToCartTest"/>
      </group> <!-- SmokeSuite -->
    </groups>
    <test started-at="2025-04-18T08:25:05 IST" name="Default test" finished-at="2025-04-18T08:25:14 IST" duration-ms="9150">
      <class name="InventoryTests.AddProductToCartTest">
        <test-method is-config="true" signature="bsconfig()[pri:0, instance:InventoryTests.AddProductToCartTest@7ae0a9ec]" started-at="2025-04-18T08:25:05 IST" name="bsconfig" finished-at="2025-04-18T08:25:05 IST" duration-ms="21" status="PASS">
          <reporter-output>
          </reporter-output>
        </test-method> <!-- bsconfig -->
        <test-method is-config="true" signature="bcconfig()[pri:0, instance:InventoryTests.AddProductToCartTest@7ae0a9ec]" started-at="2025-04-18T08:25:06 IST" name="bcconfig" finished-at="2025-04-18T08:25:11 IST" duration-ms="5090" status="PASS">
          <reporter-output>
          </reporter-output>
        </test-method> <!-- bcconfig -->
        <test-method is-config="true" signature="bmconfig()[pri:0, instance:InventoryTests.AddProductToCartTest@7ae0a9ec]" started-at="2025-04-18T08:25:11 IST" name="bmconfig" finished-at="2025-04-18T08:25:11 IST" duration-ms="744" status="PASS">
          <reporter-output>
          </reporter-output>
        </test-method> <!-- bmconfig -->
        <test-method signature="tc_001_AddProductToCartTest()[pri:0, instance:InventoryTests.AddProductToCartTest@7ae0a9ec]" started-at="2025-04-18T08:25:11 IST" name="tc_001_AddProductToCartTest" finished-at="2025-04-18T08:25:13 IST" duration-ms="1833" status="PASS">
          <reporter-output>
          </reporter-output>
        </test-method> <!-- tc_001_AddProductToCartTest -->
        <test-method is-config="true" signature="amConfig()[pri:0, instance:InventoryTests.AddProductToCartTest@7ae0a9ec]" started-at="2025-04-18T08:25:13 IST" name="amConfig" finished-at="2025-04-18T08:25:14 IST" duration-ms="309" status="PASS">
          <reporter-output>
          </reporter-output>
        </test-method> <!-- amConfig -->
        <test-method is-config="true" signature="acConfig()[pri:0, instance:InventoryTests.AddProductToCartTest@7ae0a9ec]" started-at="2025-04-18T08:25:14 IST" name="acConfig" finished-at="2025-04-18T08:25:14 IST" duration-ms="347" status="PASS">
          <reporter-output>
          </reporter-output>
        </test-method> <!-- acConfig -->
        <test-method is-config="true" signature="asConfig()[pri:0, instance:InventoryTests.AddProductToCartTest@7ae0a9ec]" started-at="2025-04-18T08:25:14 IST" name="asConfig" finished-at="2025-04-18T08:25:14 IST" duration-ms="0" status="PASS">
          <reporter-output>
          </reporter-output>
        </test-method> <!-- asConfig -->
      </class> <!-- InventoryTests.AddProductToCartTest -->
    </test> <!-- Default test -->
  </suite> <!-- Default suite -->
</testng-results>
